<?xml version="1.0" encoding="utf-8"?><testsuites name="pytest tests"><testsuite name="pytest" errors="0" failures="0" skipped="0" tests="45" time="13.508" timestamp="2026-09-15T15:31:25.801616+00:00" hostname="agent-env-4add1cbf-0b4b-4763-af2c-8e45d1e35e66"><testcase classname="tests.backend_test.TestAuth" name="test_login_admin" time="0.665" /><testcase classname="tests.backend_test.TestReport" name="test_report_unauth" time="0.356" /><testcase classname="tests.backend_test.TestAuth" name="test_login_bad_password" time="0.475" /><testcase classname="tests.backend_test.TestReport" name="test_report_missing_params" time="0.887" /><testcase classname="tests.backend_test.TestReport" name="test_report_invalid_range" time="0.298" /><testcase classname="tests.backend_test.TestReport" name="test_report_full_year" time="0.134" /><testcase classname="tests.backend_test.TestAuth" name="test_me" time="0.502" /><testcase classname="tests.backend_test.TestAuth" name="test_me_unauth" time="0.189" /><testcase classname="tests.backend_test.TestReport" name="test_report_narrow_range_excludes" time="0.287" /><testcase classname="tests.backend_test.TestAuth" name="test_register_and_login" time="0.899" /><testcase classname="tests.backend_test.TestReport" name="test_report_member_allowed" time="0.780" /><testcase classname="tests.backend_test.TestAuth" name="test_logout" time="0.458" /><testcase classname="tests.backend_test.TestClientsAndInvoicing" name="test_list_clients" time="0.095" /><testcase classname="tests.backend_test.TestClientsAndInvoicing" name="test_upsert_client_creates_and_updates_no_duplicate" time="0.605" /><testcase classname="tests.backend_test.TestAuth" name="test_refresh_without_cookie" time="0.170" /><testcase classname="tests.backend_test.TestAuth" name="test_refresh_with_refresh_cookie_only" time="0.679" /><testcase classname="tests.backend_test.TestClientsAndInvoicing" name="test_delete_client" time="0.507" /><testcase classname="tests.backend_test.TestClientsAndInvoicing" name="test_invoice_and_uninvoice_flow" time="1.610" /><testcase classname="tests.backend_test.TestAuth" name="test_me_with_invalid_access_token" time="0.200" /><testcase classname="tests.backend_test.TestJobsPartial" name="test_create_job_only_title" time="0.255" /><testcase classname="tests.backend_test.TestJobsPartial" name="test_update_job_partial_fields" time="0.268" /><testcase classname="tests.backend_test.TestJobsPartial" name="test_list_jobs_with_partial_no_serialization_error" time="0.329" /><testcase classname="tests.backend_test.TestJobsPartial" name="test_stats_and_report_with_partial" time="0.515" /><testcase classname="tests.backend_test.TestClientsAndInvoicing" name="test_invoice_nonexistent_job_404" time="0.096" /><testcase classname="tests.backend_test.TestTeamUpdate" name="test_update_member_name_email_and_password" time="1.343" /><testcase classname="tests.backend_test.TestClientsAndInvoicing" name="test_member_can_invoice" time="1.235" /><testcase classname="tests.backend_test.TestWorkTypes" name="test_list" time="0.150" /><testcase classname="tests.backend_test.TestTeamUpdate" name="test_update_member_without_password_keeps_old" time="0.996" /><testcase classname="tests.backend_test.TestWorkTypes" name="test_admin_crud" time="0.468" /><testcase classname="tests.backend_test.TestWorkTypes" name="test_member_allowed" time="0.462" /><testcase classname="tests.backend_test.TestTeamUpdate" name="test_update_member_duplicate_email_400" time="0.622" /><testcase classname="tests.backend_test.TestTeam" name="test_list" time="0.277" /><testcase classname="tests.backend_test.TestTeam" name="test_admin_create_delete" time="0.470" /><testcase classname="tests.backend_test.TestTeam" name="test_member_forbidden" time="0.081" /><testcase classname="tests.backend_test.TestCronAuth" name="test_cron_no_auth_401" time="0.258" /><testcase classname="tests.backend_test.TestCronAuth" name="test_cron_wrong_secret_401" time="0.344" /><testcase classname="tests.backend_test.TestTeamUpdate" name="test_update_member_by_non_admin_forbidden" time="1.072" /><testcase classname="tests.backend_test.TestCronAuth" name="test_cron_correct_secret_202_accepted" time="0.164" /><testcase classname="tests.backend_test.TestStats" name="test_stats" time="0.094" /><testcase classname="tests.backend_test.TestJobs" name="test_list_active" time="0.098" /><testcase classname="tests.backend_test.TestJobsExtra" name="test_invalid_status" time="0.342" /><testcase classname="tests.backend_test.TestJobs" name="test_list_archived" time="0.123" /><testcase classname="tests.backend_test.TestJobs" name="test_job_full_flow" time="1.059" /><testcase classname="tests.backend_test.TestWorkTypesUpdate" name="test_update_work_type_name_and_color" time="0.468" /><testcase classname="tests.backend_test.TestWeeklyReports" name="test_generate_weekly_report_and_list_and_excel_and_404_and_no_new" time="1.802" /></testsuite></testsuites>