<?xml version="1.0" encoding="utf-8"?><testsuites name="pytest tests"><testsuite name="pytest" errors="0" failures="0" skipped="0" tests="36" time="7.480" timestamp="2026-09-15T10:54:17.673905+00:00" hostname="agent-env-4add1cbf-0b4b-4763-af2c-8e45d1e35e66"><testcase classname="tests.backend_test.TestReport" name="test_report_unauth" time="0.458" /><testcase classname="tests.backend_test.TestAuth" name="test_login_admin" time="0.458" /><testcase classname="tests.backend_test.TestAuth" name="test_login_bad_password" time="0.578" /><testcase classname="tests.backend_test.TestReport" name="test_report_missing_params" time="0.638" /><testcase classname="tests.backend_test.TestReport" name="test_report_invalid_range" time="0.281" /><testcase classname="tests.backend_test.TestReport" name="test_report_full_year" time="0.067" /><testcase classname="tests.backend_test.TestAuth" name="test_me" time="0.406" /><testcase classname="tests.backend_test.TestAuth" name="test_me_unauth" time="0.135" /><testcase classname="tests.backend_test.TestReport" name="test_report_narrow_range_excludes" time="0.194" /><testcase classname="tests.backend_test.TestAuth" name="test_register_and_login" time="0.847" /><testcase classname="tests.backend_test.TestReport" name="test_report_member_allowed" time="0.780" /><testcase classname="tests.backend_test.TestClientsAndInvoicing" name="test_list_clients" time="0.063" /><testcase classname="tests.backend_test.TestAuth" name="test_logout" time="0.491" /><testcase classname="tests.backend_test.TestClientsAndInvoicing" name="test_upsert_client_creates_and_updates_no_duplicate" time="0.425" /><testcase classname="tests.backend_test.TestClientsAndInvoicing" name="test_delete_client" time="0.237" /><testcase classname="tests.backend_test.TestAuth" name="test_refresh_without_cookie" time="0.193" /><testcase classname="tests.backend_test.TestAuth" name="test_refresh_with_refresh_cookie_only" time="0.584" /><testcase classname="tests.backend_test.TestClientsAndInvoicing" name="test_invoice_and_uninvoice_flow" time="1.517" /><testcase classname="tests.backend_test.TestAuth" name="test_me_with_invalid_access_token" time="0.134" /><testcase classname="tests.backend_test.TestJobsPartial" name="test_create_job_only_title" time="0.196" /><testcase classname="tests.backend_test.TestJobsPartial" name="test_update_job_partial_fields" time="0.194" /><testcase classname="tests.backend_test.TestJobsPartial" name="test_list_jobs_with_partial_no_serialization_error" time="0.195" /><testcase classname="tests.backend_test.TestJobsPartial" name="test_stats_and_report_with_partial" time="0.368" /><testcase classname="tests.backend_test.TestClientsAndInvoicing" name="test_invoice_nonexistent_job_404" time="0.102" /><testcase classname="tests.backend_test.TestClientsAndInvoicing" name="test_member_can_invoice" time="0.805" /><testcase classname="tests.backend_test.TestWorkTypes" name="test_list" time="0.064" /><testcase classname="tests.backend_test.TestWorkTypes" name="test_admin_crud" time="0.191" /><testcase classname="tests.backend_test.TestWorkTypes" name="test_member_allowed" time="0.655" /><testcase classname="tests.backend_test.TestTeam" name="test_list" time="0.108" /><testcase classname="tests.backend_test.TestTeam" name="test_admin_create_delete" time="0.356" /><testcase classname="tests.backend_test.TestJobs" name="test_list_active" time="0.274" /><testcase classname="tests.backend_test.TestJobs" name="test_list_archived" time="0.065" /><testcase classname="tests.backend_test.TestTeam" name="test_member_forbidden" time="0.062" /><testcase classname="tests.backend_test.TestJobs" name="test_job_full_flow" time="0.629" /><testcase classname="tests.backend_test.TestStats" name="test_stats" time="0.108" /><testcase classname="tests.backend_test.TestJobsExtra" name="test_invalid_status" time="0.185" /></testsuite></testsuites>