<?xml version="1.0" encoding="utf-8"?><testsuites name="pytest tests"><testsuite name="pytest" errors="0" failures="0" skipped="0" tests="45" time="12.571" timestamp="2026-09-16T09:47:25.663839+00:00" hostname="agent-env-4add1cbf-0b4b-4763-af2c-8e45d1e35e66"><testcase classname="tests.backend_test.TestReport" name="test_report_unauth" time="0.485" /><testcase classname="tests.backend_test.TestAuth" name="test_login_admin" time="0.479" /><testcase classname="tests.backend_test.TestAuth" name="test_login_bad_password" time="0.567" /><testcase classname="tests.backend_test.TestReport" name="test_report_missing_params" time="0.701" /><testcase classname="tests.backend_test.TestReport" name="test_report_invalid_range" time="0.272" /><testcase classname="tests.backend_test.TestReport" name="test_report_full_year" time="0.068" /><testcase classname="tests.backend_test.TestAuth" name="test_me" time="0.492" /><testcase classname="tests.backend_test.TestReport" name="test_report_narrow_range_excludes" time="0.217" /><testcase classname="tests.backend_test.TestAuth" name="test_me_unauth" time="0.151" /><testcase classname="tests.backend_test.TestAuth" name="test_register_and_login" time="0.862" /><testcase classname="tests.backend_test.TestReport" name="test_report_member_allowed" time="0.806" /><testcase classname="tests.backend_test.TestClientsAndInvoicing" name="test_list_clients" time="0.070" /><testcase classname="tests.backend_test.TestAuth" name="test_logout" time="0.405" /><testcase classname="tests.backend_test.TestClientsAndInvoicing" name="test_upsert_client_creates_and_updates_no_duplicate" time="0.574" /><testcase classname="tests.backend_test.TestAuth" name="test_refresh_without_cookie" time="0.109" /><testcase classname="tests.backend_test.TestAuth" name="test_refresh_with_refresh_cookie_only" time="0.702" /><testcase classname="tests.backend_test.TestClientsAndInvoicing" name="test_delete_client" time="0.448" /><testcase classname="tests.backend_test.TestClientsAndInvoicing" name="test_invoice_and_uninvoice_flow" time="1.201" /><testcase classname="tests.backend_test.TestAuth" name="test_me_with_invalid_access_token" time="0.143" /><testcase classname="tests.backend_test.TestJobsPartial" name="test_create_job_only_title" time="0.261" /><testcase classname="tests.backend_test.TestJobsPartial" name="test_update_job_partial_fields" time="0.281" /><testcase classname="tests.backend_test.TestJobsPartial" name="test_list_jobs_with_partial_no_serialization_error" time="0.334" /><testcase classname="tests.backend_test.TestJobsPartial" name="test_stats_and_report_with_partial" time="0.405" /><testcase classname="tests.backend_test.TestClientsAndInvoicing" name="test_invoice_nonexistent_job_404" time="0.069" /><testcase classname="tests.backend_test.TestClientsAndInvoicing" name="test_member_can_invoice" time="0.943" /><testcase classname="tests.backend_test.TestTeamUpdate" name="test_update_member_name_email_and_password" time="1.031" /><testcase classname="tests.backend_test.TestWorkTypes" name="test_list" time="0.067" /><testcase classname="tests.backend_test.TestWorkTypes" name="test_admin_crud" time="0.362" /><testcase classname="tests.backend_test.TestTeamUpdate" name="test_update_member_without_password_keeps_old" time="1.007" /><testcase classname="tests.backend_test.TestWorkTypes" name="test_member_allowed" time="0.367" /><testcase classname="tests.backend_test.TestTeam" name="test_list" time="0.079" /><testcase classname="tests.backend_test.TestTeam" name="test_admin_create_delete" time="0.562" /><testcase classname="tests.backend_test.TestTeamUpdate" name="test_update_member_duplicate_email_400" time="0.513" /><testcase classname="tests.backend_test.TestTeam" name="test_member_forbidden" time="0.239" /><testcase classname="tests.backend_test.TestJobs" name="test_list_active" time="0.079" /><testcase classname="tests.backend_test.TestJobs" name="test_list_archived" time="0.069" /><testcase classname="tests.backend_test.TestJobs" name="test_job_full_flow" time="1.332" /><testcase classname="tests.backend_test.TestTeamUpdate" name="test_update_member_by_non_admin_forbidden" time="0.826" /><testcase classname="tests.backend_test.TestCronAuth" name="test_cron_no_auth_401" time="0.111" /><testcase classname="tests.backend_test.TestCronAuth" name="test_cron_wrong_secret_401" time="0.155" /><testcase classname="tests.backend_test.TestCronAuth" name="test_cron_correct_secret_202_accepted" time="0.130" /><testcase classname="tests.backend_test.TestWorkTypesUpdate" name="test_update_work_type_name_and_color" time="0.300" /><testcase classname="tests.backend_test.TestStats" name="test_stats" time="0.071" /><testcase classname="tests.backend_test.TestJobsExtra" name="test_invalid_status" time="0.253" /><testcase classname="tests.backend_test.TestWeeklyReports" name="test_generate_weekly_report_and_list_and_excel_and_404_and_no_new" time="2.062" /></testsuite></testsuites>