<?xml version="1.0" encoding="utf-8"?><testsuites name="pytest tests"><testsuite name="pytest" errors="0" failures="0" skipped="0" tests="30" time="7.193" timestamp="2026-09-15T10:25:39.233194+00:00" hostname="agent-env-4add1cbf-0b4b-4763-af2c-8e45d1e35e66"><testcase classname="tests.backend_test.TestReport" name="test_report_unauth" time="0.175" /><testcase classname="tests.backend_test.TestAuth" name="test_login_admin" time="0.474" /><testcase classname="tests.backend_test.TestAuth" name="test_login_bad_password" time="0.435" /><testcase classname="tests.backend_test.TestReport" name="test_report_missing_params" time="0.799" /><testcase classname="tests.backend_test.TestReport" name="test_report_invalid_range" time="0.062" /><testcase classname="tests.backend_test.TestReport" name="test_report_full_year" time="0.240" /><testcase classname="tests.backend_test.TestReport" name="test_report_narrow_range_excludes" time="0.288" /><testcase classname="tests.backend_test.TestAuth" name="test_me" time="0.481" /><testcase classname="tests.backend_test.TestAuth" name="test_me_unauth" time="0.125" /><testcase classname="tests.backend_test.TestAuth" name="test_register_and_login" time="0.748" /><testcase classname="tests.backend_test.TestAuth" name="test_logout" time="0.713" /><testcase classname="tests.backend_test.TestAuth" name="test_refresh_without_cookie" time="0.359" /><testcase classname="tests.backend_test.TestReport" name="test_report_member_allowed" time="1.825" /><testcase classname="tests.backend_test.TestAuth" name="test_refresh_with_refresh_cookie_only" time="0.530" /><testcase classname="tests.backend_test.TestJobsPartial" name="test_create_job_only_title" time="0.422" /><testcase classname="tests.backend_test.TestJobsPartial" name="test_update_job_partial_fields" time="0.282" /><testcase classname="tests.backend_test.TestAuth" name="test_me_with_invalid_access_token" time="0.175" /><testcase classname="tests.backend_test.TestWorkTypes" name="test_list" time="0.067" /><testcase classname="tests.backend_test.TestJobsPartial" name="test_list_jobs_with_partial_no_serialization_error" time="0.196" /><testcase classname="tests.backend_test.TestWorkTypes" name="test_admin_crud" time="0.204" /><testcase classname="tests.backend_test.TestJobsPartial" name="test_stats_and_report_with_partial" time="0.546" /><testcase classname="tests.backend_test.TestTeam" name="test_list" time="0.067" /><testcase classname="tests.backend_test.TestTeam" name="test_admin_create_delete" time="0.710" /><testcase classname="tests.backend_test.TestTeam" name="test_member_forbidden" time="0.063" /><testcase classname="tests.backend_test.TestWorkTypes" name="test_member_forbidden" time="1.370" /><testcase classname="tests.backend_test.TestStats" name="test_stats" time="0.061" /><testcase classname="tests.backend_test.TestJobs" name="test_list_active" time="0.120" /><testcase classname="tests.backend_test.TestJobsExtra" name="test_invalid_status" time="0.192" /><testcase classname="tests.backend_test.TestJobs" name="test_list_archived" time="0.109" /><testcase classname="tests.backend_test.TestJobs" name="test_job_full_flow" time="0.708" /></testsuite></testsuites>