<?xml version="1.0" encoding="utf-8"?><testsuites name="pytest tests"><testsuite name="pytest" errors="0" failures="1" skipped="0" tests="20" time="5.307" timestamp="2026-09-15T08:26:12.423131+00:00" hostname="agent-env-4add1cbf-0b4b-4763-af2c-8e45d1e35e66"><testcase classname="tests.backend_test.TestAuth" name="test_login_admin" time="0.768" /><testcase classname="tests.backend_test.TestJobs" name="test_list_active" time="0.775" /><testcase classname="tests.backend_test.TestAuth" name="test_login_bad_password" time="0.459" /><testcase classname="tests.backend_test.TestJobs" name="test_list_archived" time="0.074" /><testcase classname="tests.backend_test.TestJobs" name="test_job_full_flow" time="1.135" /><testcase classname="tests.backend_test.TestAuth" name="test_me" time="0.540" /><testcase classname="tests.backend_test.TestAuth" name="test_me_unauth" time="0.270" /><testcase classname="tests.backend_test.TestJobs" name="test_invalid_status" time="0.221" /><testcase classname="tests.backend_test.TestAuth" name="test_register_and_login" time="1.094" /><testcase classname="tests.backend_test.TestWorkTypes" name="test_list" time="0.353" /><testcase classname="tests.backend_test.TestWorkTypes" name="test_admin_crud" time="0.278" /><testcase classname="tests.backend_test.TestAuth" name="test_logout" time="0.574" /><testcase classname="tests.backend_test.TestWorkTypes" name="test_member_forbidden" time="0.781" /><testcase classname="tests.backend_test.TestTeam" name="test_list" time="0.079" /><testcase classname="tests.backend_test.TestTeam" name="test_admin_create_delete" time="0.372" /><testcase classname="tests.backend_test.TestAuth" name="test_refresh_without_cookie" time="0.287" /><testcase classname="tests.backend_test.TestAuth" name="test_refresh_with_refresh_cookie_only" time="0.663" /><testcase classname="tests.backend_test.TestTeam" name="test_member_forbidden" time="0.074" /><testcase classname="tests.backend_test.TestStats" name="test_stats" time="0.257"><failure message="assert 1550.0 == 3100">backend/tests/backend_test.py:124: in test_stats
    assert data["fatturato_completati"] == 3100
E   assert 1550.0 == 3100</failure></testcase><testcase classname="tests.backend_test.TestAuth" name="test_me_with_invalid_access_token" time="0.162" /></testsuite></testsuites>