<?xml version="1.0" encoding="utf-8"?><testsuites name="pytest tests"><testsuite name="pytest" errors="0" failures="0" skipped="0" tests="17" time="5.342" timestamp="2026-09-15T08:06:11.388342+00:00" hostname="agent-env-4add1cbf-0b4b-4763-af2c-8e45d1e35e66"><testcase classname="tests.backend_test.TestAuth" name="test_login_admin" time="0.831" /><testcase classname="tests.backend_test.TestJobs" name="test_list_active" time="0.908" /><testcase classname="tests.backend_test.TestAuth" name="test_login_bad_password" time="0.355" /><testcase classname="tests.backend_test.TestJobs" name="test_list_archived" time="0.301" /><testcase classname="tests.backend_test.TestJobs" name="test_job_full_flow" time="1.275" /><testcase classname="tests.backend_test.TestAuth" name="test_me" time="0.602" /><testcase classname="tests.backend_test.TestAuth" name="test_me_unauth" time="0.180" /><testcase classname="tests.backend_test.TestAuth" name="test_register_and_login" time="0.989" /><testcase classname="tests.backend_test.TestJobs" name="test_invalid_status" time="0.461" /><testcase classname="tests.backend_test.TestWorkTypes" name="test_list" time="0.085" /><testcase classname="tests.backend_test.TestAuth" name="test_logout" time="0.585" /><testcase classname="tests.backend_test.TestWorkTypes" name="test_admin_crud" time="0.479" /><testcase classname="tests.backend_test.TestTeam" name="test_list" time="0.098" /><testcase classname="tests.backend_test.TestTeam" name="test_admin_create_delete" time="0.598" /><testcase classname="tests.backend_test.TestWorkTypes" name="test_member_forbidden" time="0.598" /><testcase classname="tests.backend_test.TestStats" name="test_stats" time="0.093" /><testcase classname="tests.backend_test.TestTeam" name="test_member_forbidden" time="0.556" /></testsuite></testsuites>